app/build/intermediates/manifest_merge_blame_file/debug/manifest-merger-blame-debug-report.txt
1<?xml version="1.0" encoding="utf-8"?>
2<manifest xmlns:android="http://schemas.android.com/apk/res/android"
3    package="com.example.android.twende"
4    android:versionCode="1"
5    android:versionName="1.0" >
6
7    <uses-sdk
8        android:minSdkVersion="24"
8-->src\main\AndroidManifest.xml
9        android:targetSdkVersion="29" />
9-->src\main\AndroidManifest.xml
10
11    <!--
12         The ACCESS_COARSE/FINE_LOCATION permissions are not required to use
13         Google Maps Android API v2, but you must specify either coarse or fine
14         location permissions for the "MyLocation" functionality.
15    -->
16    <uses-permission android:name="android.permission.ACCESS_FINE_LOCATION" />
16-->src\main\AndroidManifest.xml:10:5-79
16-->src\main\AndroidManifest.xml:10:22-76
17    <uses-permission android:name="android.permission.INTERNET" />
17-->src\main\AndroidManifest.xml:11:5-67
17-->src\main\AndroidManifest.xml:11:22-64
18    <uses-permission android:name="android.permission.ACCESS_NETWORK_STATE" />
18-->src\main\AndroidManifest.xml:12:5-78
18-->src\main\AndroidManifest.xml:12:22-76
19
20    <uses-feature
20-->[com.google.android.gms:play-services-maps:17.0.0] AndroidManifest.xml:26:5-28:35
21        android:glEsVersion="0x00020000"
21-->[com.google.android.gms:play-services-maps:17.0.0] AndroidManifest.xml:27:9-41
22        android:required="true" />
22-->[com.google.android.gms:play-services-maps:17.0.0] AndroidManifest.xml:28:9-32
23
24    <uses-permission android:name="android.permission.WAKE_LOCK" />
24-->[com.google.android.gms:play-services-measurement:17.4.3] AndroidManifest.xml:25:5-68
24-->[com.google.android.gms:play-services-measurement:17.4.3] AndroidManifest.xml:25:22-65
25    <uses-permission android:name="com.google.android.finsky.permission.BIND_GET_INSTALL_REFERRER_SERVICE" /> <!-- Required by older versions of Google Play services to create IID tokens -->
25-->[com.google.android.gms:play-services-measurement:17.4.3] AndroidManifest.xml:26:5-110
25-->[com.google.android.gms:play-services-measurement:17.4.3] AndroidManifest.xml:26:22-107
26    <uses-permission android:name="com.google.android.c2dm.permission.RECEIVE" />
26-->[com.google.firebase:firebase-iid:20.1.5] AndroidManifest.xml:26:5-82
26-->[com.google.firebase:firebase-iid:20.1.5] AndroidManifest.xml:26:22-79
27
28    <application
28-->src\main\AndroidManifest.xml:15:5-60:19
29        android:allowBackup="true"
29-->src\main\AndroidManifest.xml:16:9-35
30        android:appComponentFactory="androidx.core.app.CoreComponentFactory"
30-->[androidx.core:core:1.1.0] AndroidManifest.xml:24:18-86
31        android:debuggable="true"
32        android:extractNativeLibs="false"
33        android:icon="@mipmap/ic_launcher"
33-->src\main\AndroidManifest.xml:17:9-43
34        android:label="@string/app_name"
34-->src\main\AndroidManifest.xml:18:9-41
35        android:roundIcon="@mipmap/ic_launcher_round"
35-->src\main\AndroidManifest.xml:19:9-54
36        android:supportsRtl="true"
36-->src\main\AndroidManifest.xml:20:9-35
37        android:testOnly="true"
38        android:theme="@style/AppTheme" >
38-->src\main\AndroidManifest.xml:21:9-40
39
40        <!--
41             The API key for Google Maps-based APIs is defined as a string resource.
42             (See the file "res/values/google_maps_api.xml").
43             Note that the API key is linked to the encryption key used to sign the APK.
44             You need a different API key for each encryption key, including the release key that is used to
45             sign the APK for publishing.
46             You can define the keys for the debug and release targets in src/debug/ and src/release/.
47        -->
48        <meta-data
48-->src\main\AndroidManifest.xml:31:9-33:52
49            android:name="com.google.android.geo.API_KEY"
49-->src\main\AndroidManifest.xml:32:13-58
50            android:value="@string/maps_api_key" />
50-->src\main\AndroidManifest.xml:33:13-49
51
52        <activity
52-->src\main\AndroidManifest.xml:36:9-39:59
53            android:name="com.example.android.twende.MainActivity"
53-->src\main\AndroidManifest.xml:37:13-41
54            android:label="@string/title_activity_maps"
54-->src\main\AndroidManifest.xml:39:13-56
55            android:theme="@style/AppTheme.NoActionBar" />
55-->src\main\AndroidManifest.xml:38:13-56
56        <!--
57             The API key for Google Maps-based APIs is defined as a string resource.
58             (See the file "res/values/google_maps_api.xml").
59             Note that the API key is linked to the encryption key used to sign the APK.
60             You need a different API key for each encryption key, including the release key that is used to
61             sign the APK for publishing.
62             You can define the keys for the debug and release targets in src/debug/ and src/release/.
63        -->
64        <activity android:name="com.example.android.twende.SignupActivity" />
64-->src\main\AndroidManifest.xml:48:9-52
64-->src\main\AndroidManifest.xml:48:19-49
65        <activity android:name="com.example.android.twende.SplashActivity" >
65-->src\main\AndroidManifest.xml:49:9-55:20
65-->src\main\AndroidManifest.xml:49:19-49
66            <intent-filter>
66-->src\main\AndroidManifest.xml:50:13-54:29
67                <action android:name="android.intent.action.MAIN" />
67-->src\main\AndroidManifest.xml:51:17-69
67-->src\main\AndroidManifest.xml:51:25-66
68
69                <category android:name="android.intent.category.LAUNCHER" />
69-->src\main\AndroidManifest.xml:53:17-77
69-->src\main\AndroidManifest.xml:53:27-74
70            </intent-filter>
71        </activity>
72
73        <meta-data
73-->src\main\AndroidManifest.xml:57:9-59:71
74            android:name="com.google.android.API_KEY"
74-->src\main\AndroidManifest.xml:58:13-54
75            android:value="AIzaSyBOcw_LG9alYzLJDvMKOrsUnWWyaWX6FwI" />
75-->src\main\AndroidManifest.xml:59:13-68
76        <meta-data
76-->[com.firebaseui:firebase-ui-auth:6.2.0] AndroidManifest.xml:16:9-18:69
77            android:name="com.google.android.gms.version"
77-->[com.firebaseui:firebase-ui-auth:6.2.0] AndroidManifest.xml:17:13-58
78            android:value="@integer/google_play_services_version" />
78-->[com.firebaseui:firebase-ui-auth:6.2.0] AndroidManifest.xml:18:13-66
79        <meta-data
79-->[com.firebaseui:firebase-ui-auth:6.2.0] AndroidManifest.xml:19:9-21:63
80            android:name="com.facebook.sdk.ApplicationId"
80-->[com.firebaseui:firebase-ui-auth:6.2.0] AndroidManifest.xml:20:13-58
81            android:value="@string/facebook_application_id" />
81-->[com.firebaseui:firebase-ui-auth:6.2.0] AndroidManifest.xml:21:13-60
82
83        <activity
83-->[com.firebaseui:firebase-ui-auth:6.2.0] AndroidManifest.xml:23:9-27:61
84            android:name="com.firebase.ui.auth.KickoffActivity"
84-->[com.firebaseui:firebase-ui-auth:6.2.0] AndroidManifest.xml:24:13-64
85            android:exported="false"
85-->[com.firebaseui:firebase-ui-auth:6.2.0] AndroidManifest.xml:25:13-37
86            android:label=""
86-->[com.firebaseui:firebase-ui-auth:6.2.0] AndroidManifest.xml:26:13-29
87            android:theme="@style/FirebaseUI.Transparent" />
87-->[com.firebaseui:firebase-ui-auth:6.2.0] AndroidManifest.xml:27:13-58
88        <activity
88-->[com.firebaseui:firebase-ui-auth:6.2.0] AndroidManifest.xml:28:9-32:61
89            android:name="com.firebase.ui.auth.ui.idp.SingleSignInActivity"
89-->[com.firebaseui:firebase-ui-auth:6.2.0] AndroidManifest.xml:29:13-76
90            android:exported="false"
90-->[com.firebaseui:firebase-ui-auth:6.2.0] AndroidManifest.xml:30:13-37
91            android:label=""
91-->[com.firebaseui:firebase-ui-auth:6.2.0] AndroidManifest.xml:31:13-29
92            android:theme="@style/FirebaseUI.Transparent" />
92-->[com.firebaseui:firebase-ui-auth:6.2.0] AndroidManifest.xml:32:13-58
93        <activity
93-->[com.firebaseui:firebase-ui-auth:6.2.0] AndroidManifest.xml:33:9-37:61
94            android:name="com.firebase.ui.auth.ui.credentials.CredentialSaveActivity"
94-->[com.firebaseui:firebase-ui-auth:6.2.0] AndroidManifest.xml:34:13-86
95            android:exported="false"
95-->[com.firebaseui:firebase-ui-auth:6.2.0] AndroidManifest.xml:35:13-37
96            android:label=""
96-->[com.firebaseui:firebase-ui-auth:6.2.0] AndroidManifest.xml:36:13-29
97            android:theme="@style/FirebaseUI.Transparent" />
97-->[com.firebaseui:firebase-ui-auth:6.2.0] AndroidManifest.xml:37:13-58
98        <activity
98-->[com.firebaseui:firebase-ui-auth:6.2.0] AndroidManifest.xml:38:9-42:58
99            android:name="com.firebase.ui.auth.ui.email.RecoverPasswordActivity"
99-->[com.firebaseui:firebase-ui-auth:6.2.0] AndroidManifest.xml:39:13-81
100            android:exported="false"
100-->[com.firebaseui:firebase-ui-auth:6.2.0] AndroidManifest.xml:40:13-37
101            android:label="@string/fui_title_recover_password_activity"
101-->[com.firebaseui:firebase-ui-auth:6.2.0] AndroidManifest.xml:41:13-72
102            android:windowSoftInputMode="adjustResize" />
102-->[com.firebaseui:firebase-ui-auth:6.2.0] AndroidManifest.xml:42:13-55
103        <activity
103-->[com.firebaseui:firebase-ui-auth:6.2.0] AndroidManifest.xml:43:9-47:58
104            android:name="com.firebase.ui.auth.ui.email.EmailActivity"
104-->[com.firebaseui:firebase-ui-auth:6.2.0] AndroidManifest.xml:44:13-71
105            android:exported="false"
105-->[com.firebaseui:firebase-ui-auth:6.2.0] AndroidManifest.xml:45:13-37
106            android:label="@string/fui_sign_in_default"
106-->[com.firebaseui:firebase-ui-auth:6.2.0] AndroidManifest.xml:46:13-56
107            android:windowSoftInputMode="adjustResize" />
107-->[com.firebaseui:firebase-ui-auth:6.2.0] AndroidManifest.xml:47:13-55
108        <activity
108-->[com.firebaseui:firebase-ui-auth:6.2.0] AndroidManifest.xml:48:9-52:77
109            android:name="com.firebase.ui.auth.ui.phone.PhoneActivity"
109-->[com.firebaseui:firebase-ui-auth:6.2.0] AndroidManifest.xml:49:13-71
110            android:exported="false"
110-->[com.firebaseui:firebase-ui-auth:6.2.0] AndroidManifest.xml:50:13-37
111            android:label="@string/fui_sign_in_with_phone_number"
111-->[com.firebaseui:firebase-ui-auth:6.2.0] AndroidManifest.xml:51:13-66
112            android:windowSoftInputMode="adjustResize|stateAlwaysVisible" />
112-->[com.firebaseui:firebase-ui-auth:6.2.0] AndroidManifest.xml:52:13-74
113        <activity
113-->[com.firebaseui:firebase-ui-auth:6.2.0] AndroidManifest.xml:53:9-57:58
114            android:name="com.firebase.ui.auth.ui.idp.WelcomeBackIdpPrompt"
114-->[com.firebaseui:firebase-ui-auth:6.2.0] AndroidManifest.xml:54:13-76
115            android:exported="false"
115-->[com.firebaseui:firebase-ui-auth:6.2.0] AndroidManifest.xml:55:13-37
116            android:label="@string/fui_title_welcome_back_idp_prompt"
116-->[com.firebaseui:firebase-ui-auth:6.2.0] AndroidManifest.xml:56:13-70
117            android:windowSoftInputMode="adjustResize" />
117-->[com.firebaseui:firebase-ui-auth:6.2.0] AndroidManifest.xml:57:13-55
118        <activity
118-->[com.firebaseui:firebase-ui-auth:6.2.0] AndroidManifest.xml:58:9-62:58
119            android:name="com.firebase.ui.auth.ui.email.WelcomeBackPasswordPrompt"
119-->[com.firebaseui:firebase-ui-auth:6.2.0] AndroidManifest.xml:59:13-83
120            android:exported="false"
120-->[com.firebaseui:firebase-ui-auth:6.2.0] AndroidManifest.xml:60:13-37
121            android:label="@string/fui_title_welcome_back_password_prompt"
121-->[com.firebaseui:firebase-ui-auth:6.2.0] AndroidManifest.xml:61:13-75
122            android:windowSoftInputMode="adjustResize" />
122-->[com.firebaseui:firebase-ui-auth:6.2.0] AndroidManifest.xml:62:13-55
123        <activity
123-->[com.firebaseui:firebase-ui-auth:6.2.0] AndroidManifest.xml:63:9-67:58
124            android:name="com.firebase.ui.auth.ui.email.WelcomeBackEmailLinkPrompt"
124-->[com.firebaseui:firebase-ui-auth:6.2.0] AndroidManifest.xml:64:13-84
125            android:exported="false"
125-->[com.firebaseui:firebase-ui-auth:6.2.0] AndroidManifest.xml:65:13-37
126            android:label="@string/fui_title_welcome_back_password_prompt"
126-->[com.firebaseui:firebase-ui-auth:6.2.0] AndroidManifest.xml:66:13-75
127            android:windowSoftInputMode="adjustResize" />
127-->[com.firebaseui:firebase-ui-auth:6.2.0] AndroidManifest.xml:67:13-55
128        <activity
128-->[com.firebaseui:firebase-ui-auth:6.2.0] AndroidManifest.xml:68:9-73:58
129            android:name="com.firebase.ui.auth.ui.email.EmailLinkCatcherActivity"
129-->[com.firebaseui:firebase-ui-auth:6.2.0] AndroidManifest.xml:69:13-82
130            android:exported="false"
130-->[com.firebaseui:firebase-ui-auth:6.2.0] AndroidManifest.xml:70:13-37
131            android:label=""
131-->[com.firebaseui:firebase-ui-auth:6.2.0] AndroidManifest.xml:71:13-29
132            android:theme="@style/FirebaseUI.Transparent"
132-->[com.firebaseui:firebase-ui-auth:6.2.0] AndroidManifest.xml:72:13-58
133            android:windowSoftInputMode="adjustResize" />
133-->[com.firebaseui:firebase-ui-auth:6.2.0] AndroidManifest.xml:73:13-55
134        <activity
134-->[com.firebaseui:firebase-ui-auth:6.2.0] AndroidManifest.xml:74:9-78:58
135            android:name="com.firebase.ui.auth.ui.email.EmailLinkErrorRecoveryActivity"
135-->[com.firebaseui:firebase-ui-auth:6.2.0] AndroidManifest.xml:75:13-88
136            android:exported="false"
136-->[com.firebaseui:firebase-ui-auth:6.2.0] AndroidManifest.xml:76:13-37
137            android:label="@string/fui_sign_in_default"
137-->[com.firebaseui:firebase-ui-auth:6.2.0] AndroidManifest.xml:77:13-56
138            android:windowSoftInputMode="adjustResize" />
138-->[com.firebaseui:firebase-ui-auth:6.2.0] AndroidManifest.xml:78:13-55
139        <activity
139-->[com.firebaseui:firebase-ui-auth:6.2.0] AndroidManifest.xml:79:9-82:65
140            android:name="com.firebase.ui.auth.ui.idp.AuthMethodPickerActivity"
140-->[com.firebaseui:firebase-ui-auth:6.2.0] AndroidManifest.xml:80:13-80
141            android:exported="false"
141-->[com.firebaseui:firebase-ui-auth:6.2.0] AndroidManifest.xml:81:13-37
142            android:label="@string/fui_default_toolbar_title" />
142-->[com.firebaseui:firebase-ui-auth:6.2.0] AndroidManifest.xml:82:13-62
143        <activity
143-->[com.firebaseui:firebase-ui-auth:6.2.0] AndroidManifest.xml:83:9-87:48
144            android:name="com.facebook.FacebookActivity"
144-->[com.firebaseui:firebase-ui-auth:6.2.0] AndroidManifest.xml:84:13-57
145            android:configChanges="keyboard|keyboardHidden|screenLayout|screenSize|orientation"
145-->[com.firebaseui:firebase-ui-auth:6.2.0] AndroidManifest.xml:85:13-96
146            android:label="@string/app_name" />
146-->[com.firebaseui:firebase-ui-auth:6.2.0] AndroidManifest.xml:86:13-45
147        <activity
147-->[com.firebaseui:firebase-ui-auth:6.2.0] AndroidManifest.xml:88:9-100:20
148            android:name="com.facebook.CustomTabActivity"
148-->[com.firebaseui:firebase-ui-auth:6.2.0] AndroidManifest.xml:89:13-58
149            android:exported="true" >
149-->[com.firebaseui:firebase-ui-auth:6.2.0] AndroidManifest.xml:90:13-36
150            <intent-filter>
150-->[com.firebaseui:firebase-ui-auth:6.2.0] AndroidManifest.xml:92:13-99:29
151                <action android:name="android.intent.action.VIEW" />
151-->[com.firebaseui:firebase-ui-auth:6.2.0] AndroidManifest.xml:93:17-69
151-->[com.firebaseui:firebase-ui-auth:6.2.0] AndroidManifest.xml:93:25-66
152
153                <category android:name="android.intent.category.DEFAULT" />
153-->[com.firebaseui:firebase-ui-auth:6.2.0] AndroidManifest.xml:95:17-76
153-->[com.firebaseui:firebase-ui-auth:6.2.0] AndroidManifest.xml:95:27-73
154                <category android:name="android.intent.category.BROWSABLE" />
154-->[com.firebaseui:firebase-ui-auth:6.2.0] AndroidManifest.xml:96:17-78
154-->[com.firebaseui:firebase-ui-auth:6.2.0] AndroidManifest.xml:96:27-75
155
156                <data android:scheme="@string/facebook_login_protocol_scheme" />
156-->[com.firebaseui:firebase-ui-auth:6.2.0] AndroidManifest.xml:98:17-81
156-->[com.firebaseui:firebase-ui-auth:6.2.0] AndroidManifest.xml:98:23-78
157            </intent-filter>
158        </activity>
159
160        <provider
160-->[com.firebaseui:firebase-ui-auth:6.2.0] AndroidManifest.xml:102:9-106:38
161            android:name="com.firebase.ui.auth.data.client.AuthUiInitProvider"
161-->[com.firebaseui:firebase-ui-auth:6.2.0] AndroidManifest.xml:103:13-79
162            android:authorities="com.example.android.twende.authuiinitprovider"
162-->[com.firebaseui:firebase-ui-auth:6.2.0] AndroidManifest.xml:104:13-70
163            android:exported="false"
163-->[com.firebaseui:firebase-ui-auth:6.2.0] AndroidManifest.xml:105:13-37
164            android:initOrder="90" />
164-->[com.firebaseui:firebase-ui-auth:6.2.0] AndroidManifest.xml:106:13-35
165
166        <activity
166-->[com.google.firebase:firebase-auth:19.3.1] AndroidManifest.xml:24:9-31:50
167            android:name="com.google.firebase.auth.internal.FederatedSignInActivity"
167-->[com.google.firebase:firebase-auth:19.3.1] AndroidManifest.xml:25:13-85
168            android:excludeFromRecents="true"
168-->[com.google.firebase:firebase-auth:19.3.1] AndroidManifest.xml:26:13-46
169            android:exported="true"
169-->[com.google.firebase:firebase-auth:19.3.1] AndroidManifest.xml:27:13-36
170            android:launchMode="singleTask"
170-->[com.google.firebase:firebase-auth:19.3.1] AndroidManifest.xml:28:13-44
171            android:permission="com.google.firebase.auth.api.gms.permission.LAUNCH_FEDERATED_SIGN_IN"
171-->[com.google.firebase:firebase-auth:19.3.1] AndroidManifest.xml:29:13-102
172            android:theme="@android:style/Theme.Translucent.NoTitleBar" />
172-->[com.google.firebase:firebase-auth:19.3.1] AndroidManifest.xml:30:13-72
173
174        <service
174-->[com.google.firebase:firebase-auth:19.3.1] AndroidManifest.xml:33:9-39:19
175            android:name="com.google.firebase.components.ComponentDiscoveryService"
175-->[com.google.firebase:firebase-auth:19.3.1] AndroidManifest.xml:34:13-84
176            android:directBootAware="true"
176-->[com.google.firebase:firebase-common:19.3.0] AndroidManifest.xml:34:13-43
177            android:exported="false" >
177-->[com.google.firebase:firebase-auth:19.3.1] AndroidManifest.xml:35:13-37
178            <meta-data
178-->[com.google.firebase:firebase-auth:19.3.1] AndroidManifest.xml:36:13-38:85
179                android:name="com.google.firebase.components:com.google.firebase.auth.FirebaseAuthRegistrar"
179-->[com.google.firebase:firebase-auth:19.3.1] AndroidManifest.xml:37:17-109
180                android:value="com.google.firebase.components.ComponentRegistrar" />
180-->[com.google.firebase:firebase-auth:19.3.1] AndroidManifest.xml:38:17-82
181            <meta-data
181-->[com.google.firebase:firebase-database:19.3.1] AndroidManifest.xml:32:13-34:85
182                android:name="com.google.firebase.components:com.google.firebase.database.DatabaseRegistrar"
182-->[com.google.firebase:firebase-database:19.3.1] AndroidManifest.xml:33:17-109
183                android:value="com.google.firebase.components.ComponentRegistrar" />
183-->[com.google.firebase:firebase-database:19.3.1] AndroidManifest.xml:34:17-82
184            <meta-data
184-->[com.google.android.gms:play-services-measurement-api:17.4.3] AndroidManifest.xml:30:13-32:85
185                android:name="com.google.firebase.components:com.google.firebase.analytics.connector.internal.AnalyticsConnectorRegistrar"
185-->[com.google.android.gms:play-services-measurement-api:17.4.3] AndroidManifest.xml:31:17-139
186                android:value="com.google.firebase.components.ComponentRegistrar" />
186-->[com.google.android.gms:play-services-measurement-api:17.4.3] AndroidManifest.xml:32:17-82
187            <meta-data
187-->[com.google.firebase:firebase-iid:20.1.5] AndroidManifest.xml:32:13-34:85
188                android:name="com.google.firebase.components:com.google.firebase.iid.Registrar"
188-->[com.google.firebase:firebase-iid:20.1.5] AndroidManifest.xml:33:17-96
189                android:value="com.google.firebase.components.ComponentRegistrar" />
189-->[com.google.firebase:firebase-iid:20.1.5] AndroidManifest.xml:34:17-82
190            <meta-data
190-->[com.google.firebase:firebase-installations:16.2.1] AndroidManifest.xml:17:13-19:85
191                android:name="com.google.firebase.components:com.google.firebase.installations.FirebaseInstallationsRegistrar"
191-->[com.google.firebase:firebase-installations:16.2.1] AndroidManifest.xml:18:17-127
192                android:value="com.google.firebase.components.ComponentRegistrar" />
192-->[com.google.firebase:firebase-installations:16.2.1] AndroidManifest.xml:19:17-82
193        </service>
194
195        <activity
195-->[com.google.android.gms:play-services-auth:18.0.0] AndroidManifest.xml:23:9-27:75
196            android:name="com.google.android.gms.auth.api.signin.internal.SignInHubActivity"
196-->[com.google.android.gms:play-services-auth:18.0.0] AndroidManifest.xml:24:13-93
197            android:excludeFromRecents="true"
197-->[com.google.android.gms:play-services-auth:18.0.0] AndroidManifest.xml:25:13-46
198            android:exported="false"
198-->[com.google.android.gms:play-services-auth:18.0.0] AndroidManifest.xml:26:13-37
199            android:theme="@android:style/Theme.Translucent.NoTitleBar" />
199-->[com.google.android.gms:play-services-auth:18.0.0] AndroidManifest.xml:27:13-72
200        <!--
201            Service handling Google Sign-In user revocation. For apps that do not integrate with
202            Google Sign-In, this service will never be started.
203        -->
204        <service
204-->[com.google.android.gms:play-services-auth:18.0.0] AndroidManifest.xml:33:9-36:110
205            android:name="com.google.android.gms.auth.api.signin.RevocationBoundService"
205-->[com.google.android.gms:play-services-auth:18.0.0] AndroidManifest.xml:34:13-89
206            android:exported="true"
206-->[com.google.android.gms:play-services-auth:18.0.0] AndroidManifest.xml:35:13-36
207            android:permission="com.google.android.gms.auth.api.signin.permission.REVOCATION_NOTIFICATION" /> <!-- Needs to be explicitly declared on P+ -->
207-->[com.google.android.gms:play-services-auth:18.0.0] AndroidManifest.xml:36:13-107
208        <uses-library
208-->[com.google.android.gms:play-services-maps:17.0.0] AndroidManifest.xml:33:9-35:40
209            android:name="org.apache.http.legacy"
209-->[com.google.android.gms:play-services-maps:17.0.0] AndroidManifest.xml:34:13-50
210            android:required="false" />
210-->[com.google.android.gms:play-services-maps:17.0.0] AndroidManifest.xml:35:13-37
211
212        <receiver
212-->[com.google.android.gms:play-services-measurement:17.4.3] AndroidManifest.xml:29:9-33:20
213            android:name="com.google.android.gms.measurement.AppMeasurementReceiver"
213-->[com.google.android.gms:play-services-measurement:17.4.3] AndroidManifest.xml:30:13-85
214            android:enabled="true"
214-->[com.google.android.gms:play-services-measurement:17.4.3] AndroidManifest.xml:31:13-35
215            android:exported="false" >
215-->[com.google.android.gms:play-services-measurement:17.4.3] AndroidManifest.xml:32:13-37
216        </receiver>
217
218        <service
218-->[com.google.android.gms:play-services-measurement:17.4.3] AndroidManifest.xml:35:9-38:40
219            android:name="com.google.android.gms.measurement.AppMeasurementService"
219-->[com.google.android.gms:play-services-measurement:17.4.3] AndroidManifest.xml:36:13-84
220            android:enabled="true"
220-->[com.google.android.gms:play-services-measurement:17.4.3] AndroidManifest.xml:37:13-35
221            android:exported="false" />
221-->[com.google.android.gms:play-services-measurement:17.4.3] AndroidManifest.xml:38:13-37
222        <service
222-->[com.google.android.gms:play-services-measurement:17.4.3] AndroidManifest.xml:39:9-43:72
223            android:name="com.google.android.gms.measurement.AppMeasurementJobService"
223-->[com.google.android.gms:play-services-measurement:17.4.3] AndroidManifest.xml:40:13-87
224            android:enabled="true"
224-->[com.google.android.gms:play-services-measurement:17.4.3] AndroidManifest.xml:41:13-35
225            android:exported="false"
225-->[com.google.android.gms:play-services-measurement:17.4.3] AndroidManifest.xml:42:13-37
226            android:permission="android.permission.BIND_JOB_SERVICE" />
226-->[com.google.android.gms:play-services-measurement:17.4.3] AndroidManifest.xml:43:13-69
227
228        <receiver
228-->[com.google.firebase:firebase-iid:20.1.5] AndroidManifest.xml:37:9-44:20
229            android:name="com.google.firebase.iid.FirebaseInstanceIdReceiver"
229-->[com.google.firebase:firebase-iid:20.1.5] AndroidManifest.xml:38:13-78
230            android:exported="true"
230-->[com.google.firebase:firebase-iid:20.1.5] AndroidManifest.xml:39:13-36
231            android:permission="com.google.android.c2dm.permission.SEND" >
231-->[com.google.firebase:firebase-iid:20.1.5] AndroidManifest.xml:40:13-73
232            <intent-filter>
232-->[com.google.firebase:firebase-iid:20.1.5] AndroidManifest.xml:41:13-43:29
233                <action android:name="com.google.android.c2dm.intent.RECEIVE" />
233-->[com.google.firebase:firebase-iid:20.1.5] AndroidManifest.xml:42:17-81
233-->[com.google.firebase:firebase-iid:20.1.5] AndroidManifest.xml:42:25-78
234            </intent-filter>
235        </receiver>
236
237        <activity
237-->[com.google.android.gms:play-services-base:17.1.0] AndroidManifest.xml:23:9-26:75
238            android:name="com.google.android.gms.common.api.GoogleApiActivity"
238-->[com.google.android.gms:play-services-base:17.1.0] AndroidManifest.xml:24:13-79
239            android:exported="false"
239-->[com.google.android.gms:play-services-base:17.1.0] AndroidManifest.xml:25:13-37
240            android:theme="@android:style/Theme.Translucent.NoTitleBar" />
240-->[com.google.android.gms:play-services-base:17.1.0] AndroidManifest.xml:26:13-72
241
242        <provider
242-->[com.google.firebase:firebase-common:19.3.0] AndroidManifest.xml:26:9-30:39
243            android:name="com.google.firebase.provider.FirebaseInitProvider"
243-->[com.google.firebase:firebase-common:19.3.0] AndroidManifest.xml:27:13-77
244            android:authorities="com.example.android.twende.firebaseinitprovider"
244-->[com.google.firebase:firebase-common:19.3.0] AndroidManifest.xml:28:13-72
245            android:exported="false"
245-->[com.google.firebase:firebase-common:19.3.0] AndroidManifest.xml:29:13-37
246            android:initOrder="100" />
246-->[com.google.firebase:firebase-common:19.3.0] AndroidManifest.xml:30:13-36
247        <provider
247-->[androidx.lifecycle:lifecycle-process:2.2.0] AndroidManifest.xml:25:9-29:43
248            android:name="androidx.lifecycle.ProcessLifecycleOwnerInitializer"
248-->[androidx.lifecycle:lifecycle-process:2.2.0] AndroidManifest.xml:26:13-79
249            android:authorities="com.example.android.twende.lifecycle-process"
249-->[androidx.lifecycle:lifecycle-process:2.2.0] AndroidManifest.xml:27:13-69
250            android:exported="false"
250-->[androidx.lifecycle:lifecycle-process:2.2.0] AndroidManifest.xml:28:13-37
251            android:multiprocess="true" />
251-->[androidx.lifecycle:lifecycle-process:2.2.0] AndroidManifest.xml:29:13-40
252    </application>
253
254</manifest>